{"/usr/src/app/src/app.ts": {"path":"/usr/src/app/src/app.ts","statementMap":{"0":{"start":{"line":1,"column":0},"end":{"line":1,"column":30}},"1":{"start":{"line":2,"column":0},"end":{"line":2,"column":28}},"2":{"start":{"line":3,"column":0},"end":{"line":3,"column":43}},"3":{"start":{"line":5,"column":0},"end":{"line":5,"column":16}},"4":{"start":{"line":7,"column":12},"end":{"line":7,"column":21}},"5":{"start":{"line":9,"column":0},"end":{"line":9,"column":24}},"6":{"start":{"line":10,"column":0},"end":{"line":10,"column":36}},"7":{"start":{"line":12,"column":0},"end":{"line":12,"column":19}}},"fnMap":{},"branchMap":{},"s":{"0":2,"1":2,"2":2,"3":2,"4":2,"5":2,"6":2,"7":2},"f":{},"b":{}}
,"/usr/src/app/src/prismaClient.ts": {"path":"/usr/src/app/src/prismaClient.ts","statementMap":{"0":{"start":{"line":1,"column":0},"end":{"line":1,"column":46}},"1":{"start":{"line":3,"column":15},"end":{"line":3,"column":33}},"2":{"start":{"line":5,"column":0},"end":{"line":5,"column":22}}},"fnMap":{},"branchMap":{},"s":{"0":2,"1":2,"2":2},"f":{},"b":{}}
,"/usr/src/app/src/models/resource/resource.route.ts": {"path":"/usr/src/app/src/models/resource/resource.route.ts","statementMap":{"0":{"start":{"line":1,"column":0},"end":{"line":1,"column":33}},"1":{"start":{"line":2,"column":0},"end":{"line":2,"column":66}},"2":{"start":{"line":3,"column":0},"end":{"line":3,"column":72}},"3":{"start":{"line":4,"column":0},"end":{"line":4,"column":70}},"4":{"start":{"line":5,"column":0},"end":{"line":5,"column":70}},"5":{"start":{"line":7,"column":15},"end":{"line":7,"column":23}},"6":{"start":{"line":9,"column":0},"end":{"line":9,"column":37}},"7":{"start":{"line":10,"column":0},"end":{"line":10,"column":43}},"8":{"start":{"line":12,"column":0},"end":{"line":12,"column":40}},"9":{"start":{"line":14,"column":0},"end":{"line":14,"column":44}},"10":{"start":{"line":16,"column":0},"end":{"line":16,"column":22}}},"fnMap":{},"branchMap":{},"s":{"0":2,"1":2,"2":2,"3":2,"4":2,"5":2,"6":2,"7":2,"8":2,"9":2,"10":2},"f":{},"b":{}}
,"/usr/src/app/src/models/resource/handlers/createResource.handler.ts": {"path":"/usr/src/app/src/models/resource/handlers/createResource.handler.ts","statementMap":{"0":{"start":{"line":2,"column":0},"end":{"line":2,"column":43}},"1":{"start":{"line":11,"column":46},"end":{"line":38,"column":1}},"2":{"start":{"line":12,"column":2},"end":{"line":37,"column":3}},"3":{"start":{"line":13,"column":60},"end":{"line":13,"column":89}},"4":{"start":{"line":15,"column":25},"end":{"line":17,"column":6}},"5":{"start":{"line":19,"column":4},"end":{"line":22,"column":5}},"6":{"start":{"line":20,"column":6},"end":{"line":20,"column":65}},"7":{"start":{"line":21,"column":6},"end":{"line":21,"column":13}},"8":{"start":{"line":24,"column":18},"end":{"line":26,"column":6}},"9":{"start":{"line":27,"column":24},"end":{"line":27,"column":58}},"10":{"start":{"line":28,"column":17},"end":{"line":28,"column":54}},"11":{"start":{"line":30,"column":17},"end":{"line":32,"column":6}},"12":{"start":{"line":34,"column":4},"end":{"line":34,"column":31}},"13":{"start":{"line":36,"column":4},"end":{"line":36,"column":77}},"14":{"start":{"line":40,"column":0},"end":{"line":40,"column":37}}},"fnMap":{"0":{"name":"(anonymous_1)","decl":{"start":{"line":11,"column":46},"end":{"line":11,"column":51}},"loc":{"start":{"line":11,"column":80},"end":{"line":38,"column":1}}}},"branchMap":{"0":{"loc":{"start":{"line":13,"column":31},"end":{"line":13,"column":47}},"type":"default-arg","locations":[{"start":{"line":13,"column":42},"end":{"line":13,"column":47}}]},"1":{"loc":{"start":{"line":19,"column":4},"end":{"line":22,"column":5}},"type":"if","locations":[{"start":{"line":19,"column":4},"end":{"line":22,"column":5}}]}},"s":{"0":2,"1":2,"2":3,"3":3,"4":3,"5":2,"6":1,"7":1,"8":1,"9":1,"10":1,"11":1,"12":1,"13":1,"14":2},"f":{"0":3},"b":{"0":[2],"1":[1]}}
,"/usr/src/app/src/models/resource/handlers/getResourceById.handler.ts": {"path":"/usr/src/app/src/models/resource/handlers/getResourceById.handler.ts","statementMap":{"0":{"start":{"line":2,"column":0},"end":{"line":2,"column":43}},"1":{"start":{"line":8,"column":47},"end":{"line":26,"column":1}},"2":{"start":{"line":9,"column":17},"end":{"line":9,"column":50}},"3":{"start":{"line":11,"column":2},"end":{"line":25,"column":3}},"4":{"start":{"line":12,"column":20},"end":{"line":15,"column":6}},"5":{"start":{"line":17,"column":4},"end":{"line":20,"column":5}},"6":{"start":{"line":18,"column":6},"end":{"line":18,"column":60}},"7":{"start":{"line":19,"column":6},"end":{"line":19,"column":13}},"8":{"start":{"line":22,"column":4},"end":{"line":22,"column":34}},"9":{"start":{"line":24,"column":4},"end":{"line":24,"column":77}},"10":{"start":{"line":28,"column":0},"end":{"line":28,"column":38}}},"fnMap":{"0":{"name":"(anonymous_1)","decl":{"start":{"line":8,"column":47},"end":{"line":8,"column":52}},"loc":{"start":{"line":8,"column":81},"end":{"line":26,"column":1}}}},"branchMap":{"0":{"loc":{"start":{"line":17,"column":4},"end":{"line":20,"column":5}},"type":"if","locations":[{"start":{"line":17,"column":4},"end":{"line":20,"column":5}}]}},"s":{"0":2,"1":2,"2":0,"3":0,"4":0,"5":0,"6":0,"7":0,"8":0,"9":0,"10":2},"f":{"0":0},"b":{"0":[0]}}
,"/usr/src/app/src/models/resource/handlers/getResources.handler.ts": {"path":"/usr/src/app/src/models/resource/handlers/getResources.handler.ts","statementMap":{"0":{"start":{"line":1,"column":0},"end":{"line":1,"column":43}},"1":{"start":{"line":2,"column":0},"end":{"line":2,"column":63}},"2":{"start":{"line":3,"column":0},"end":{"line":3,"column":79}},"3":{"start":{"line":5,"column":0},"end":{"line":5,"column":79}},"4":{"start":{"line":15,"column":44},"end":{"line":40,"column":1}},"5":{"start":{"line":16,"column":2},"end":{"line":39,"column":3}},"6":{"start":{"line":17,"column":23},"end":{"line":17,"column":48}},"7":{"start":{"line":19,"column":58},"end":{"line":19,"column":90}},"8":{"start":{"line":21,"column":18},"end":{"line":25,"column":6}},"9":{"start":{"line":27,"column":19},"end":{"line":33,"column":null}},"10":{"start":{"line":36,"column":4},"end":{"line":36,"column":33}},"11":{"start":{"line":38,"column":4},"end":{"line":38,"column":77}},"12":{"start":{"line":42,"column":0},"end":{"line":42,"column":35}}},"fnMap":{"0":{"name":"(anonymous_1)","decl":{"start":{"line":15,"column":44},"end":{"line":15,"column":49}},"loc":{"start":{"line":15,"column":63},"end":{"line":40,"column":1}}}},"branchMap":{},"s":{"0":2,"1":2,"2":2,"3":2,"4":2,"5":0,"6":0,"7":0,"8":0,"9":0,"10":0,"11":0,"12":2},"f":{"0":0},"b":{}}
,"/usr/src/app/src/models/resource/handlers/updateResource.handler.ts": {"path":"/usr/src/app/src/models/resource/handlers/updateResource.handler.ts","statementMap":{"0":{"start":{"line":2,"column":0},"end":{"line":2,"column":43}},"1":{"start":{"line":15,"column":46},"end":{"line":36,"column":1}},"2":{"start":{"line":16,"column":17},"end":{"line":16,"column":50}},"3":{"start":{"line":17,"column":15},"end":{"line":17,"column":44}},"4":{"start":{"line":19,"column":2},"end":{"line":35,"column":3}},"5":{"start":{"line":20,"column":29},"end":{"line":20,"column":80}},"6":{"start":{"line":22,"column":4},"end":{"line":25,"column":5}},"7":{"start":{"line":23,"column":6},"end":{"line":23,"column":60}},"8":{"start":{"line":24,"column":6},"end":{"line":24,"column":13}},"9":{"start":{"line":27,"column":20},"end":{"line":30,"column":6}},"10":{"start":{"line":32,"column":4},"end":{"line":32,"column":34}},"11":{"start":{"line":34,"column":4},"end":{"line":34,"column":77}},"12":{"start":{"line":38,"column":0},"end":{"line":38,"column":37}}},"fnMap":{"0":{"name":"(anonymous_1)","decl":{"start":{"line":15,"column":46},"end":{"line":15,"column":51}},"loc":{"start":{"line":15,"column":80},"end":{"line":36,"column":1}}}},"branchMap":{"0":{"loc":{"start":{"line":22,"column":4},"end":{"line":25,"column":5}},"type":"if","locations":[{"start":{"line":22,"column":4},"end":{"line":25,"column":5}}]}},"s":{"0":2,"1":2,"2":0,"3":0,"4":0,"5":0,"6":0,"7":0,"8":0,"9":0,"10":0,"11":0,"12":2},"f":{"0":0},"b":{"0":[0]}}
,"/usr/src/app/src/models/resourceType/resourceType.route.ts": {"path":"/usr/src/app/src/models/resourceType/resourceType.route.ts","statementMap":{"0":{"start":{"line":1,"column":0},"end":{"line":1,"column":33}},"1":{"start":{"line":2,"column":0},"end":{"line":2,"column":74}},"2":{"start":{"line":3,"column":0},"end":{"line":3,"column":80}},"3":{"start":{"line":4,"column":0},"end":{"line":4,"column":78}},"4":{"start":{"line":5,"column":0},"end":{"line":5,"column":77}},"5":{"start":{"line":7,"column":15},"end":{"line":7,"column":23}},"6":{"start":{"line":9,"column":0},"end":{"line":9,"column":41}},"7":{"start":{"line":10,"column":0},"end":{"line":10,"column":47}},"8":{"start":{"line":12,"column":0},"end":{"line":12,"column":44}},"9":{"start":{"line":14,"column":0},"end":{"line":14,"column":47}},"10":{"start":{"line":16,"column":0},"end":{"line":16,"column":22}}},"fnMap":{},"branchMap":{},"s":{"0":2,"1":2,"2":2,"3":2,"4":2,"5":2,"6":2,"7":2,"8":2,"9":2,"10":2},"f":{},"b":{}}
,"/usr/src/app/src/models/resourceType/handlers/createResourceType.handler.ts": {"path":"/usr/src/app/src/models/resourceType/handlers/createResourceType.handler.ts","statementMap":{"0":{"start":{"line":2,"column":0},"end":{"line":2,"column":43}},"1":{"start":{"line":9,"column":50},"end":{"line":39,"column":1}},"2":{"start":{"line":10,"column":2},"end":{"line":38,"column":3}},"3":{"start":{"line":11,"column":27},"end":{"line":11,"column":56}},"4":{"start":{"line":13,"column":27},"end":{"line":15,"column":6}},"5":{"start":{"line":17,"column":4},"end":{"line":20,"column":5}},"6":{"start":{"line":18,"column":6},"end":{"line":18,"column":70}},"7":{"start":{"line":19,"column":6},"end":{"line":19,"column":13}},"8":{"start":{"line":22,"column":27},"end":{"line":24,"column":6}},"9":{"start":{"line":26,"column":4},"end":{"line":29,"column":5}},"10":{"start":{"line":27,"column":6},"end":{"line":27,"column":70}},"11":{"start":{"line":28,"column":6},"end":{"line":28,"column":13}},"12":{"start":{"line":31,"column":17},"end":{"line":33,"column":6}},"13":{"start":{"line":35,"column":4},"end":{"line":35,"column":31}},"14":{"start":{"line":37,"column":4},"end":{"line":37,"column":77}},"15":{"start":{"line":41,"column":0},"end":{"line":41,"column":41}}},"fnMap":{"0":{"name":"(anonymous_1)","decl":{"start":{"line":9,"column":50},"end":{"line":9,"column":55}},"loc":{"start":{"line":9,"column":84},"end":{"line":39,"column":1}}}},"branchMap":{"0":{"loc":{"start":{"line":17,"column":4},"end":{"line":20,"column":5}},"type":"if","locations":[{"start":{"line":17,"column":4},"end":{"line":20,"column":5}}]},"1":{"loc":{"start":{"line":26,"column":4},"end":{"line":29,"column":5}},"type":"if","locations":[{"start":{"line":26,"column":4},"end":{"line":29,"column":5}}]}},"s":{"0":2,"1":2,"2":0,"3":0,"4":0,"5":0,"6":0,"7":0,"8":0,"9":0,"10":0,"11":0,"12":0,"13":0,"14":0,"15":2},"f":{"0":0},"b":{"0":[0],"1":[0]}}
,"/usr/src/app/src/models/resourceType/handlers/getResourceTypeById.handler.ts": {"path":"/usr/src/app/src/models/resourceType/handlers/getResourceTypeById.handler.ts","statementMap":{"0":{"start":{"line":2,"column":0},"end":{"line":2,"column":43}},"1":{"start":{"line":8,"column":51},"end":{"line":28,"column":1}},"2":{"start":{"line":9,"column":17},"end":{"line":9,"column":54}},"3":{"start":{"line":11,"column":2},"end":{"line":27,"column":3}},"4":{"start":{"line":12,"column":21},"end":{"line":17,"column":6}},"5":{"start":{"line":19,"column":4},"end":{"line":22,"column":5}},"6":{"start":{"line":20,"column":6},"end":{"line":20,"column":60}},"7":{"start":{"line":21,"column":6},"end":{"line":21,"column":13}},"8":{"start":{"line":24,"column":4},"end":{"line":24,"column":35}},"9":{"start":{"line":26,"column":4},"end":{"line":26,"column":77}},"10":{"start":{"line":30,"column":0},"end":{"line":30,"column":42}}},"fnMap":{"0":{"name":"(anonymous_1)","decl":{"start":{"line":8,"column":51},"end":{"line":8,"column":56}},"loc":{"start":{"line":8,"column":85},"end":{"line":28,"column":1}}}},"branchMap":{"0":{"loc":{"start":{"line":19,"column":4},"end":{"line":22,"column":5}},"type":"if","locations":[{"start":{"line":19,"column":4},"end":{"line":22,"column":5}}]}},"s":{"0":2,"1":2,"2":0,"3":0,"4":0,"5":0,"6":0,"7":0,"8":0,"9":0,"10":2},"f":{"0":0},"b":{"0":[0]}}
,"/usr/src/app/src/models/resourceType/handlers/getResourcesType.handler.ts": {"path":"/usr/src/app/src/models/resourceType/handlers/getResourcesType.handler.ts","statementMap":{"0":{"start":{"line":1,"column":0},"end":{"line":1,"column":43}},"1":{"start":{"line":2,"column":0},"end":{"line":2,"column":63}},"2":{"start":{"line":3,"column":0},"end":{"line":3,"column":79}},"3":{"start":{"line":5,"column":0},"end":{"line":5,"column":79}},"4":{"start":{"line":13,"column":48},"end":{"line":40,"column":1}},"5":{"start":{"line":14,"column":2},"end":{"line":39,"column":3}},"6":{"start":{"line":15,"column":23},"end":{"line":15,"column":48}},"7":{"start":{"line":17,"column":35},"end":{"line":17,"column":70}},"8":{"start":{"line":19,"column":18},"end":{"line":23,"column":6}},"9":{"start":{"line":25,"column":19},"end":{"line":33,"column":null}},"10":{"start":{"line":36,"column":4},"end":{"line":36,"column":33}},"11":{"start":{"line":38,"column":4},"end":{"line":38,"column":77}},"12":{"start":{"line":42,"column":0},"end":{"line":42,"column":39}}},"fnMap":{"0":{"name":"(anonymous_1)","decl":{"start":{"line":13,"column":48},"end":{"line":13,"column":53}},"loc":{"start":{"line":13,"column":67},"end":{"line":40,"column":1}}}},"branchMap":{},"s":{"0":2,"1":2,"2":2,"3":2,"4":2,"5":0,"6":0,"7":0,"8":0,"9":0,"10":0,"11":0,"12":2},"f":{"0":0},"b":{}}
,"/usr/src/app/src/models/resourceType/handlers/updateResourceType.handler.ts": {"path":"/usr/src/app/src/models/resourceType/handlers/updateResourceType.handler.ts","statementMap":{"0":{"start":{"line":2,"column":0},"end":{"line":2,"column":43}},"1":{"start":{"line":13,"column":50},"end":{"line":80,"column":1}},"2":{"start":{"line":14,"column":17},"end":{"line":14,"column":54}},"3":{"start":{"line":15,"column":15},"end":{"line":15,"column":48}},"4":{"start":{"line":17,"column":2},"end":{"line":79,"column":3}},"5":{"start":{"line":18,"column":25},"end":{"line":18,"column":80}},"6":{"start":{"line":20,"column":4},"end":{"line":23,"column":5}},"7":{"start":{"line":21,"column":6},"end":{"line":21,"column":64}},"8":{"start":{"line":22,"column":6},"end":{"line":22,"column":13}},"9":{"start":{"line":25,"column":22},"end":{"line":30,"column":6}},"10":{"start":{"line":32,"column":4},"end":{"line":35,"column":5}},"11":{"start":{"line":33,"column":6},"end":{"line":33,"column":70}},"12":{"start":{"line":34,"column":6},"end":{"line":34,"column":13}},"13":{"start":{"line":37,"column":22},"end":{"line":42,"column":6}},"14":{"start":{"line":44,"column":4},"end":{"line":47,"column":5}},"15":{"start":{"line":45,"column":6},"end":{"line":45,"column":70}},"16":{"start":{"line":46,"column":6},"end":{"line":46,"column":13}},"17":{"start":{"line":49,"column":24},"end":{"line":74,"column":6}},"18":{"start":{"line":50,"column":22},"end":{"line":53,"column":8}},"19":{"start":{"line":55,"column":6},"end":{"line":71,"column":7}},"20":{"start":{"line":56,"column":26},"end":{"line":58,"column":10}},"21":{"start":{"line":60,"column":8},"end":{"line":70,"column":10}},"22":{"start":{"line":62,"column":26},"end":{"line":62,"column":50}},"23":{"start":{"line":63,"column":28},"end":{"line":63,"column":48}},"24":{"start":{"line":64,"column":28},"end":{"line":64,"column":53}},"25":{"start":{"line":65,"column":12},"end":{"line":68,"column":15}},"26":{"start":{"line":73,"column":6},"end":{"line":73,"column":21}},"27":{"start":{"line":76,"column":4},"end":{"line":76,"column":38}},"28":{"start":{"line":78,"column":4},"end":{"line":78,"column":77}},"29":{"start":{"line":82,"column":0},"end":{"line":82,"column":41}}},"fnMap":{"0":{"name":"(anonymous_1)","decl":{"start":{"line":13,"column":50},"end":{"line":13,"column":55}},"loc":{"start":{"line":13,"column":84},"end":{"line":80,"column":1}}},"1":{"name":"(anonymous_2)","decl":{"start":{"line":49,"column":50},"end":{"line":49,"column":55}},"loc":{"start":{"line":49,"column":63},"end":{"line":74,"column":5}}},"2":{"name":"(anonymous_3)","decl":{"start":{"line":61,"column":24},"end":{"line":61,"column":25}},"loc":{"start":{"line":61,"column":37},"end":{"line":69,"column":11}}}},"branchMap":{"0":{"loc":{"start":{"line":20,"column":4},"end":{"line":23,"column":5}},"type":"if","locations":[{"start":{"line":20,"column":4},"end":{"line":23,"column":5}}]},"1":{"loc":{"start":{"line":32,"column":4},"end":{"line":35,"column":5}},"type":"if","locations":[{"start":{"line":32,"column":4},"end":{"line":35,"column":5}}]},"2":{"loc":{"start":{"line":44,"column":4},"end":{"line":47,"column":5}},"type":"if","locations":[{"start":{"line":44,"column":4},"end":{"line":47,"column":5}}]},"3":{"loc":{"start":{"line":55,"column":6},"end":{"line":71,"column":7}},"type":"if","locations":[{"start":{"line":55,"column":6},"end":{"line":71,"column":7}}]},"4":{"loc":{"start":{"line":63,"column":28},"end":{"line":63,"column":48}},"type":"binary-expr","locations":[{"start":{"line":63,"column":28},"end":{"line":63,"column":36}},{"start":{"line":63,"column":40},"end":{"line":63,"column":48}}]}},"s":{"0":2,"1":2,"2":0,"3":0,"4":0,"5":0,"6":0,"7":0,"8":0,"9":0,"10":0,"11":0,"12":0,"13":0,"14":0,"15":0,"16":0,"17":0,"18":0,"19":0,"20":0,"21":0,"22":0,"23":0,"24":0,"25":0,"26":0,"27":0,"28":0,"29":2},"f":{"0":0,"1":0,"2":0},"b":{"0":[0],"1":[0],"2":[0],"3":[0],"4":[0,0]}}
,"/usr/src/app/src/routes/api.route.ts": {"path":"/usr/src/app/src/routes/api.route.ts","statementMap":{"0":{"start":{"line":1,"column":0},"end":{"line":1,"column":33}},"1":{"start":{"line":2,"column":0},"end":{"line":2,"column":41}},"2":{"start":{"line":3,"column":0},"end":{"line":3,"column":62}},"3":{"start":{"line":4,"column":0},"end":{"line":4,"column":74}},"4":{"start":{"line":6,"column":15},"end":{"line":6,"column":23}},"5":{"start":{"line":8,"column":0},"end":{"line":8,"column":35}},"6":{"start":{"line":9,"column":0},"end":{"line":9,"column":48}},"7":{"start":{"line":10,"column":0},"end":{"line":10,"column":40}},"8":{"start":{"line":12,"column":0},"end":{"line":12,"column":22}}},"fnMap":{},"branchMap":{},"s":{"0":2,"1":2,"2":2,"3":2,"4":2,"5":2,"6":2,"7":2,"8":2},"f":{},"b":{}}
,"/usr/src/app/src/routes/health.route.ts": {"path":"/usr/src/app/src/routes/health.route.ts","statementMap":{"0":{"start":{"line":1,"column":0},"end":{"line":1,"column":33}},"1":{"start":{"line":3,"column":15},"end":{"line":3,"column":23}},"2":{"start":{"line":5,"column":0},"end":{"line":7,"column":3}},"3":{"start":{"line":6,"column":2},"end":{"line":6,"column":70}},"4":{"start":{"line":9,"column":0},"end":{"line":9,"column":22}}},"fnMap":{"0":{"name":"(anonymous_0)","decl":{"start":{"line":5,"column":16},"end":{"line":5,"column":17}},"loc":{"start":{"line":5,"column":29},"end":{"line":7,"column":1}}}},"branchMap":{},"s":{"0":2,"1":2,"2":2,"3":1,"4":2},"f":{"0":1},"b":{}}
,"/usr/src/app/src/utils/helpers/buildQueryConditions.ts": {"path":"/usr/src/app/src/utils/helpers/buildQueryConditions.ts","statementMap":{"0":{"start":{"line":13,"column":29},"end":{"line":63,"column":1}},"1":{"start":{"line":14,"column":42},"end":{"line":14,"column":44}},"2":{"start":{"line":16,"column":2},"end":{"line":33,"column":3}},"3":{"start":{"line":17,"column":4},"end":{"line":17,"column":38}},"4":{"start":{"line":17,"column":29},"end":{"line":17,"column":38}},"5":{"start":{"line":19,"column":4},"end":{"line":32,"column":5}},"6":{"start":{"line":20,"column":6},"end":{"line":24,"column":9}},"7":{"start":{"line":26,"column":6},"end":{"line":31,"column":9}},"8":{"start":{"line":35,"column":41},"end":{"line":35,"column":43}},"9":{"start":{"line":37,"column":2},"end":{"line":50,"column":3}},"10":{"start":{"line":38,"column":24},"end":{"line":38,"column":50}},"11":{"start":{"line":40,"column":4},"end":{"line":49,"column":5}},"12":{"start":{"line":41,"column":6},"end":{"line":48,"column":7}},"13":{"start":{"line":42,"column":8},"end":{"line":47,"column":11}},"14":{"start":{"line":52,"column":32},"end":{"line":52,"column":34}},"15":{"start":{"line":54,"column":2},"end":{"line":56,"column":3}},"16":{"start":{"line":55,"column":4},"end":{"line":55,"column":30}},"17":{"start":{"line":58,"column":2},"end":{"line":60,"column":3}},"18":{"start":{"line":59,"column":4},"end":{"line":59,"column":28}},"19":{"start":{"line":62,"column":2},"end":{"line":62,"column":15}},"20":{"start":{"line":65,"column":0},"end":{"line":65,"column":36}}},"fnMap":{"0":{"name":"(anonymous_0)","decl":{"start":{"line":13,"column":29},"end":{"line":13,"column":30}},"loc":{"start":{"line":13,"column":101},"end":{"line":63,"column":1}}}},"branchMap":{"0":{"loc":{"start":{"line":17,"column":4},"end":{"line":17,"column":38}},"type":"if","locations":[{"start":{"line":17,"column":4},"end":{"line":17,"column":38}}]},"1":{"loc":{"start":{"line":19,"column":4},"end":{"line":32,"column":5}},"type":"if","locations":[{"start":{"line":19,"column":4},"end":{"line":32,"column":5}},{"start":{"line":25,"column":11},"end":{"line":32,"column":5}}]},"2":{"loc":{"start":{"line":19,"column":8},"end":{"line":19,"column":45}},"type":"binary-expr","locations":[{"start":{"line":19,"column":8},"end":{"line":19,"column":24}},{"start":{"line":19,"column":28},"end":{"line":19,"column":45}}]},"3":{"loc":{"start":{"line":37,"column":2},"end":{"line":50,"column":3}},"type":"if","locations":[{"start":{"line":37,"column":2},"end":{"line":50,"column":3}}]},"4":{"loc":{"start":{"line":54,"column":2},"end":{"line":56,"column":3}},"type":"if","locations":[{"start":{"line":54,"column":2},"end":{"line":56,"column":3}}]},"5":{"loc":{"start":{"line":58,"column":2},"end":{"line":60,"column":3}},"type":"if","locations":[{"start":{"line":58,"column":2},"end":{"line":60,"column":3}}]}},"s":{"0":2,"1":0,"2":0,"3":0,"4":0,"5":0,"6":0,"7":0,"8":0,"9":0,"10":0,"11":0,"12":0,"13":0,"14":0,"15":0,"16":0,"17":0,"18":0,"19":0,"20":2},"f":{"0":0},"b":{"0":[0],"1":[0,0],"2":[0,0],"3":[0],"4":[0],"5":[0]}}
,"/usr/src/app/src/utils/helpers/paginateData.ts": {"path":"/usr/src/app/src/utils/helpers/paginateData.ts","statementMap":{"0":{"start":{"line":8,"column":15},"end":{"line":8,"column":33}},"1":{"start":{"line":10,"column":18},"end":{"line":10,"column":103}},"2":{"start":{"line":12,"column":24},"end":{"line":20,"column":4}},"3":{"start":{"line":22,"column":2},"end":{"line":30,"column":4}},"4":{"start":{"line":33,"column":0},"end":{"line":33,"column":28}}},"fnMap":{"0":{"name":"paginateData","decl":{"start":{"line":3,"column":15},"end":{"line":3,"column":27}},"loc":{"start":{"line":6,"column":68},"end":{"line":31,"column":1}}}},"branchMap":{"0":{"loc":{"start":{"line":6,"column":2},"end":{"line":6,"column":68}},"type":"default-arg","locations":[{"start":{"line":6,"column":66},"end":{"line":6,"column":68}}]},"1":{"loc":{"start":{"line":6,"column":4},"end":{"line":6,"column":12}},"type":"default-arg","locations":[{"start":{"line":6,"column":11},"end":{"line":6,"column":12}}]},"2":{"loc":{"start":{"line":6,"column":14},"end":{"line":6,"column":24}},"type":"default-arg","locations":[{"start":{"line":6,"column":22},"end":{"line":6,"column":24}}]},"3":{"loc":{"start":{"line":10,"column":18},"end":{"line":10,"column":103}},"type":"cond-expr","locations":[{"start":{"line":10,"column":40},"end":{"line":10,"column":91}},{"start":{"line":10,"column":94},"end":{"line":10,"column":103}}]},"4":{"loc":{"start":{"line":10,"column":18},"end":{"line":10,"column":37}},"type":"binary-expr","locations":[{"start":{"line":10,"column":18},"end":{"line":10,"column":24}},{"start":{"line":10,"column":28},"end":{"line":10,"column":37}}]},"5":{"loc":{"start":{"line":10,"column":52},"end":{"line":10,"column":89}},"type":"cond-expr","locations":[{"start":{"line":10,"column":75},"end":{"line":10,"column":81}},{"start":{"line":10,"column":84},"end":{"line":10,"column":89}}]},"6":{"loc":{"start":{"line":18,"column":10},"end":{"line":18,"column":36}},"type":"cond-expr","locations":[{"start":{"line":18,"column":20},"end":{"line":18,"column":31}},{"start":{"line":18,"column":34},"end":{"line":18,"column":36}}]}},"s":{"0":0,"1":0,"2":0,"3":0,"4":2},"f":{"0":0},"b":{"0":[0],"1":[0],"2":[0],"3":[0,0],"4":[0,0],"5":[0,0],"6":[0,0]}}
,"/usr/src/app/src/utils/helpers/parsePaginationQuery.ts": {"path":"/usr/src/app/src/utils/helpers/parsePaginationQuery.ts","statementMap":{"0":{"start":{"line":4,"column":29},"end":{"line":18,"column":1}},"1":{"start":{"line":5,"column":15},"end":{"line":5,"column":53}},"2":{"start":{"line":6,"column":16},"end":{"line":6,"column":55}},"3":{"start":{"line":7,"column":17},"end":{"line":7,"column":43}},"4":{"start":{"line":8,"column":20},"end":{"line":8,"column":65}},"5":{"start":{"line":10,"column":48},"end":{"line":10,"column":117}},"6":{"start":{"line":12,"column":2},"end":{"line":17,"column":4}},"7":{"start":{"line":20,"column":0},"end":{"line":20,"column":36}}},"fnMap":{"0":{"name":"(anonymous_0)","decl":{"start":{"line":4,"column":29},"end":{"line":4,"column":30}},"loc":{"start":{"line":4,"column":64},"end":{"line":18,"column":1}}}},"branchMap":{"0":{"loc":{"start":{"line":10,"column":48},"end":{"line":10,"column":117}},"type":"cond-expr","locations":[{"start":{"line":10,"column":70},"end":{"line":10,"column":76}},{"start":{"line":10,"column":79},"end":{"line":10,"column":117}}]},"1":{"loc":{"start":{"line":10,"column":79},"end":{"line":10,"column":117}},"type":"cond-expr","locations":[{"start":{"line":10,"column":100},"end":{"line":10,"column":105}},{"start":{"line":10,"column":108},"end":{"line":10,"column":117}}]},"2":{"loc":{"start":{"line":13,"column":10},"end":{"line":13,"column":45}},"type":"cond-expr","locations":[{"start":{"line":13,"column":37},"end":{"line":13,"column":41}},{"start":{"line":13,"column":44},"end":{"line":13,"column":45}}]},"3":{"loc":{"start":{"line":13,"column":10},"end":{"line":13,"column":34}},"type":"binary-expr","locations":[{"start":{"line":13,"column":10},"end":{"line":13,"column":22}},{"start":{"line":13,"column":26},"end":{"line":13,"column":34}}]},"4":{"loc":{"start":{"line":14,"column":11},"end":{"line":14,"column":50}},"type":"cond-expr","locations":[{"start":{"line":14,"column":40},"end":{"line":14,"column":45}},{"start":{"line":14,"column":48},"end":{"line":14,"column":50}}]},"5":{"loc":{"start":{"line":14,"column":11},"end":{"line":14,"column":37}},"type":"binary-expr","locations":[{"start":{"line":14,"column":11},"end":{"line":14,"column":24}},{"start":{"line":14,"column":28},"end":{"line":14,"column":37}}]}},"s":{"0":2,"1":0,"2":0,"3":0,"4":0,"5":0,"6":0,"7":2},"f":{"0":0},"b":{"0":[0,0],"1":[0,0],"2":[0,0],"3":[0,0],"4":[0,0],"5":[0,0]}}
}
